<?xml version="1.0" encoding="UTF-8"?>
<testng-results skipped="0" failed="0" ignored="0" total="3" passed="3">
  <reporter-output>
  </reporter-output>
  <suite name="Default suite" duration-ms="103" started-at="2020-08-03T10:19:53Z" finished-at="2020-08-03T10:19:53Z">
    <groups>
    </groups>
    <test name="Default test" duration-ms="103" started-at="2020-08-03T10:19:53Z" finished-at="2020-08-03T10:19:53Z">
      <class name="practiseTestNG.NewTest">
        <test-method status="PASS" signature="f3()[pri:1, instance:practiseTestNG.NewTest@1810399e]" name="f3" duration-ms="23" started-at="2020-08-03T10:19:53Z" finished-at="2020-08-03T10:19:53Z">
          <reporter-output>
          </reporter-output>
        </test-method> <!-- f3 -->
        <test-method status="PASS" signature="f2()[pri:2, instance:practiseTestNG.NewTest@1810399e]" name="f2" duration-ms="2" started-at="2020-08-03T10:19:53Z" finished-at="2020-08-03T10:19:53Z">
          <reporter-output>
          </reporter-output>
        </test-method> <!-- f2 -->
        <test-method status="PASS" signature="f1()[pri:3, instance:practiseTestNG.NewTest@1810399e]" name="f1" duration-ms="2" started-at="2020-08-03T10:19:53Z" finished-at="2020-08-03T10:19:53Z">
          <reporter-output>
          </reporter-output>
        </test-method> <!-- f1 -->
      </class> <!-- practiseTestNG.NewTest -->
    </test> <!-- Default test -->
  </suite> <!-- Default suite -->
</testng-results>
