<?xml version="1.0" encoding="UTF-8"?>
<!-- Generated by org.testng.reporters.JUnitXMLReporter -->
<testsuite hostname="DESKTOP-5V25L0Q" ignored="0" name="Default test" tests="3" failures="0" timestamp="03 Aug 2020 10:19:53 GMT" time="0.103" errors="0">
  <testcase name="f3" time="0.023" classname="practiseTestNG.NewTest"/>
  <testcase name="f2" time="0.002" classname="practiseTestNG.NewTest"/>
  <testcase name="f1" time="0.002" classname="practiseTestNG.NewTest"/>
</testsuite> <!-- Default test -->
