<?xml version="1.0" encoding="UTF-8"?>
<!-- Generated by org.testng.reporters.JUnitXMLReporter -->
<testsuite hostname="DESKTOP-5V25L0Q" ignored="3" name="Default test" tests="1" failures="0" timestamp="16 Aug 2020 14:33:47 GMT" time="8.192" errors="0">
  <testcase name="validateResponseBody" time="8.102" classname="com.debajyoti.rest.RestApiPractice"/>
  <testcase name="check" time="0.0" classname="com.debajyoti.rest.RestApiPractice">
    <ignored/>
  </testcase> <!-- check -->
  <testcase name="f" time="0.0" classname="com.debajyoti.rest.RestApiPractice">
    <ignored/>
  </testcase> <!-- f -->
  <testcase name="fg" time="0.0" classname="com.debajyoti.rest.RestApiPractice">
    <ignored/>
  </testcase> <!-- fg -->
</testsuite> <!-- Default test -->
