<?xml version="1.0" encoding="UTF-8"?>
<!-- Generated by org.testng.reporters.JUnitXMLReporter -->
<testsuite hostname="DESKTOP-5V25L0Q" ignored="2" name="Test Home and Details page" tests="5" failures="0" timestamp="12 Aug 2020 14:03:30 GMT" time="10.387" errors="0">
  <testcase name="testDetails" time="0.014" classname="com.debajyoti.framework.TestDetailsPage"/>
  <testcase name="testHomePage" time="2.56" classname="com.debajyoti.framework.TestHomePage"/>
  <testcase name="testHomePage" time="2.406" classname="com.debajyoti.framework.TestHomePage"/>
  <testcase name="testHomePage" time="2.906" classname="com.debajyoti.framework.TestHomePage"/>
  <testcase name="testDetailsPage" time="0.81" classname="com.debajyoti.framework.TestHomePage"/>
  <testcase name="@BeforeSuite init" time="0.0" classname="com.debajyoti.framework.BaseClass">
    <ignored/>
  </testcase> <!-- @BeforeSuite init -->
  <testcase name="@AfterSuite cleanup" time="0.0" classname="com.debajyoti.framework.BaseClass">
    <ignored/>
  </testcase> <!-- @AfterSuite cleanup -->
</testsuite> <!-- Test Home and Details page -->
