<?xml version="1.0" encoding="UTF-8"?>
<testng-results skipped="0" failed="0" ignored="3" total="4" passed="1">
  <reporter-output>
  </reporter-output>
  <suite name="Default suite" duration-ms="8192" started-at="2020-08-16T14:33:39Z" finished-at="2020-08-16T14:33:47Z">
    <groups>
    </groups>
    <test name="Default test" duration-ms="8192" started-at="2020-08-16T14:33:39Z" finished-at="2020-08-16T14:33:47Z">
      <class name="com.debajyoti.rest.RestApiPractice">
        <test-method status="PASS" signature="validateResponseBody()[pri:0, instance:com.debajyoti.rest.RestApiPractice@77caeb3e]" name="validateResponseBody" duration-ms="8102" started-at="2020-08-16T14:33:39Z" finished-at="2020-08-16T14:33:47Z">
          <reporter-output>
          </reporter-output>
        </test-method> <!-- validateResponseBody -->
      </class> <!-- com.debajyoti.rest.RestApiPractice -->
    </test> <!-- Default test -->
  </suite> <!-- Default suite -->
</testng-results>
