<?xml version="1.0" encoding="UTF-8"?>
<testng-results skipped="0" failed="0" ignored="0" total="1" passed="1">
  <reporter-output>
  </reporter-output>
  <suite name="Default suite" duration-ms="156" started-at="2020-08-07T15:12:36Z" finished-at="2020-08-07T15:12:36Z">
    <groups>
    </groups>
    <test name="Default test" duration-ms="156" started-at="2020-08-07T15:12:36Z" finished-at="2020-08-07T15:12:36Z">
      <class name="com.debajyoti.google.AppTest">
        <test-method status="PASS" signature="test()[pri:0, instance:com.debajyoti.google.AppTest@6b57696f]" name="test" duration-ms="70" started-at="2020-08-07T15:12:36Z" finished-at="2020-08-07T15:12:36Z">
          <reporter-output>
          </reporter-output>
        </test-method> <!-- test -->
      </class> <!-- com.debajyoti.google.AppTest -->
    </test> <!-- Default test -->
  </suite> <!-- Default suite -->
</testng-results>
