<?xml version="1.0" encoding="UTF-8"?>
<testng-results skipped="0" failed="0" ignored="0" total="1" passed="1">
  <reporter-output>
  </reporter-output>
  <suite name="Default suite" duration-ms="118" started-at="2020-08-07T13:51:01Z" finished-at="2020-08-07T13:51:01Z">
    <groups>
    </groups>
    <test name="Default test" duration-ms="118" started-at="2020-08-07T13:51:01Z" finished-at="2020-08-07T13:51:01Z">
      <class name="test1">
        <test-method status="PASS" signature="f()[pri:0, instance:test1@14acaea5]" name="f" duration-ms="42" started-at="2020-08-07T13:51:01Z" finished-at="2020-08-07T13:51:01Z">
          <reporter-output>
          </reporter-output>
        </test-method> <!-- f -->
      </class> <!-- test1 -->
    </test> <!-- Default test -->
  </suite> <!-- Default suite -->
</testng-results>
