<?xml version="1.0" encoding="UTF-8"?>
<!-- Generated by org.testng.reporters.JUnitXMLReporter -->
<testsuite hostname="DESKTOP-5V25L0Q" ignored="2" name="Test Home and Details page" tests="5" failures="0" timestamp="12 Aug 2020 13:50:03 GMT" time="11.162" errors="0">
  <testcase name="testDetails" time="0.01" classname="com.debajyoti.framework.TestDetailsPage"/>
  <testcase name="testHomePage" time="2.877" classname="com.debajyoti.framework.TestHomePage"/>
  <testcase name="testHomePage" time="2.271" classname="com.debajyoti.framework.TestHomePage"/>
  <testcase name="testHomePage" time="3.533" classname="com.debajyoti.framework.TestHomePage"/>
  <testcase name="testDetailsPage" time="0.889" classname="com.debajyoti.framework.TestHomePage"/>
  <testcase name="@BeforeSuite init" time="0.0" classname="com.debajyoti.framework.BaseClass">
    <ignored/>
  </testcase> <!-- @BeforeSuite init -->
  <testcase name="@AfterSuite cleanup" time="0.0" classname="com.debajyoti.framework.BaseClass">
    <ignored/>
  </testcase> <!-- @AfterSuite cleanup -->
</testsuite> <!-- Test Home and Details page -->
