<?xml version="1.0" encoding="UTF-8"?>
<testng-results skipped="0" failed="0" ignored="2" total="7" passed="5">
  <reporter-output>
  </reporter-output>
  <suite name="Regression TestSuite" duration-ms="11162" started-at="2020-08-12T13:49:52Z" finished-at="2020-08-12T13:50:03Z">
    <groups>
    </groups>
    <test name="Test Home and Details page" duration-ms="11162" started-at="2020-08-12T13:49:52Z" finished-at="2020-08-12T13:50:03Z">
      <class name="com.debajyoti.framework.TestHomePage">
        <test-method status="PASS" signature="init()[pri:0, instance:com.debajyoti.framework.TestHomePage@627551fb]" name="init" is-config="true" duration-ms="10154" started-at="2020-08-12T13:49:41Z" finished-at="2020-08-12T13:49:52Z">
          <reporter-output>
          </reporter-output>
        </test-method> <!-- init -->
        <test-method status="PASS" signature="testHomePage(java.lang.String, java.lang.String)[pri:1, instance:com.debajyoti.framework.TestHomePage@627551fb]" name="testHomePage" duration-ms="2877" started-at="2020-08-12T13:49:53Z" data-provider="provideUserNamePhoneNumber" finished-at="2020-08-12T13:49:56Z">
          <params>
            <param index="0">
              <value>
                <![CDATA[test1]]>
              </value>
            </param>
            <param index="1">
              <value>
                <![CDATA[1234]]>
              </value>
            </param>
          </params>
          <reporter-output>
          </reporter-output>
        </test-method> <!-- testHomePage -->
        <test-method status="PASS" signature="testHomePage(java.lang.String, java.lang.String)[pri:1, instance:com.debajyoti.framework.TestHomePage@627551fb]" name="testHomePage" duration-ms="2271" started-at="2020-08-12T13:49:56Z" data-provider="provideUserNamePhoneNumber" finished-at="2020-08-12T13:49:58Z">
          <params>
            <param index="0">
              <value>
                <![CDATA[test2]]>
              </value>
            </param>
            <param index="1">
              <value>
                <![CDATA[3456]]>
              </value>
            </param>
          </params>
          <reporter-output>
          </reporter-output>
        </test-method> <!-- testHomePage -->
        <test-method status="PASS" signature="testHomePage(java.lang.String, java.lang.String)[pri:1, instance:com.debajyoti.framework.TestHomePage@627551fb]" name="testHomePage" duration-ms="3533" started-at="2020-08-12T13:49:58Z" data-provider="provideUserNamePhoneNumber" finished-at="2020-08-12T13:50:02Z">
          <params>
            <param index="0">
              <value>
                <![CDATA[test3]]>
              </value>
            </param>
            <param index="1">
              <value>
                <![CDATA[4567]]>
              </value>
            </param>
          </params>
          <reporter-output>
          </reporter-output>
        </test-method> <!-- testHomePage -->
        <test-method status="PASS" signature="testDetailsPage()[pri:2, instance:com.debajyoti.framework.TestHomePage@627551fb]" name="testDetailsPage" duration-ms="889" started-at="2020-08-12T13:50:02Z" finished-at="2020-08-12T13:50:03Z">
          <reporter-output>
          </reporter-output>
        </test-method> <!-- testDetailsPage -->
        <test-method status="PASS" signature="cleanup()[pri:0, instance:com.debajyoti.framework.TestHomePage@627551fb]" name="cleanup" is-config="true" duration-ms="3030" started-at="2020-08-12T13:50:03Z" finished-at="2020-08-12T13:50:06Z">
          <reporter-output>
          </reporter-output>
        </test-method> <!-- cleanup -->
      </class> <!-- com.debajyoti.framework.TestHomePage -->
      <class name="com.debajyoti.framework.TestDetailsPage">
        <test-method status="PASS" signature="testDetails()[pri:0, instance:com.debajyoti.framework.TestDetailsPage@2b552920]" name="testDetails" duration-ms="10" started-at="2020-08-12T13:49:52Z" finished-at="2020-08-12T13:49:52Z">
          <reporter-output>
          </reporter-output>
        </test-method> <!-- testDetails -->
      </class> <!-- com.debajyoti.framework.TestDetailsPage -->
    </test> <!-- Test Home and Details page -->
  </suite> <!-- Regression TestSuite -->
</testng-results>
