<?xml version="1.0" encoding="UTF-8"?>
<!-- Generated by org.testng.reporters.JUnitXMLReporter -->
<testsuite hostname="DESKTOP-5V25L0Q" ignored="0" name="Default test" tests="4" failures="0" timestamp="12 Aug 2020 13:32:01 GMT" time="10.826" errors="0">
  <testcase name="testHomePage" time="2.849" classname="com.debajyoti.framework.TestHomePage"/>
  <testcase name="testHomePage" time="2.479" classname="com.debajyoti.framework.TestHomePage"/>
  <testcase name="testHomePage" time="3.034" classname="com.debajyoti.framework.TestHomePage"/>
  <testcase name="testDetailsPage" time="0.763" classname="com.debajyoti.framework.TestHomePage"/>
</testsuite> <!-- Default test -->
